{
  "stats": {
    "suites": 1,
    "tests": 2,
    "passes": 2,
    "pending": 0,
    "failures": 0,
    "start": "2024-01-20T08:53:57.089Z",
    "end": "2024-01-20T08:54:10.422Z",
    "duration": 13333,
    "testsRegistered": 2,
    "passPercent": 100,
    "pendingPercent": 0,
    "other": 0,
    "hasOther": false,
    "skipped": 0,
    "hasSkipped": false
  },
  "results": [
    {
      "uuid": "d6eb7f3f-4292-4a86-8115-3456b51e87f0",
      "title": "",
      "fullFile": "cypress\\e2e\\searchresultspec.cy.js",
      "file": "cypress\\e2e\\searchresultspec.cy.js",
      "beforeHooks": [],
      "afterHooks": [],
      "tests": [],
      "suites": [
        {
          "uuid": "6b7d4c2d-17b4-4cda-9dba-09b5fa4ee0a6",
          "title": "Includes search results test scenarios",
          "fullFile": "",
          "file": "",
          "beforeHooks": [],
          "afterHooks": [],
          "tests": [
            {
              "title": "Search product white color type and 6X8 size",
              "fullTitle": "Includes search results test scenarios Search product white color type and 6X8 size",
              "timedOut": null,
              "duration": 7076,
              "state": "passed",
              "speed": "medium",
              "pass": true,
              "fail": false,
              "pending": false,
              "context": null,
              "code": "_methods.default.visit('https://demo.vercel.store/');\n_methods.default.fillInput(_dashboardlocators.default.searchProductInputText, 'Acme Drawstring Bag{enter}');\n_methods.default.clickButton(_searchResult.default.searchResultProduct);\n_methods.default.wait(1000);\n_methods.default.clickButton(_productDetail.default.colorWhiteType, 1000);\n_methods.default.clickButton(_productDetail.default.productSizeType, 1000);\n_methods.default.clickButton(_productDetail.default.addToCartButton);\n_methods.default.shouldHaveText(_productDetail.default.addedProductText, 'Acme Drawstring Bag');\n_methods.default.shouldHaveText(_productDetail.default.addedProductTypes, 'White / 6 x 8 inch');",
              "err": {},
              "uuid": "bac8b4ce-2995-404a-b77e-d97616b96904",
              "parentUUID": "6b7d4c2d-17b4-4cda-9dba-09b5fa4ee0a6",
              "isHook": false,
              "skipped": false
            },
            {
              "title": "Search product black color type and 7X9 size",
              "fullTitle": "Includes search results test scenarios Search product black color type and 7X9 size",
              "timedOut": null,
              "duration": 5925,
              "state": "passed",
              "speed": "medium",
              "pass": true,
              "fail": false,
              "pending": false,
              "context": null,
              "code": "_methods.default.visit('https://demo.vercel.store/');\n_methods.default.fillInput(_dashboardlocators.default.searchProductInputText, 'Acme Drawstring Bag{enter}');\n_methods.default.clickButton(_searchResult.default.searchResultProduct);\n_methods.default.wait(1000);\n_methods.default.clickButton(_productDetail.default.colorBlackType, 1000);\n_methods.default.clickButton(_productDetail.default.productSecondSizeType, 1000);\n_methods.default.clickButton(_productDetail.default.addToCartButton);\n_methods.default.shouldHaveText(_productDetail.default.addedProductText, 'Acme Drawstring Bag');\n_methods.default.shouldHaveText(_productDetail.default.addedSecondProductTypes, 'Black / 7 x 9 inch');",
              "err": {},
              "uuid": "a579c993-2cb3-46d6-893f-73c329afd034",
              "parentUUID": "6b7d4c2d-17b4-4cda-9dba-09b5fa4ee0a6",
              "isHook": false,
              "skipped": false
            }
          ],
          "suites": [],
          "passes": [
            "bac8b4ce-2995-404a-b77e-d97616b96904",
            "a579c993-2cb3-46d6-893f-73c329afd034"
          ],
          "failures": [],
          "pending": [],
          "skipped": [],
          "duration": 13001,
          "root": false,
          "rootEmpty": false,
          "_timeout": 2000
        }
      ],
      "passes": [],
      "failures": [],
      "pending": [],
      "skipped": [],
      "duration": 0,
      "root": true,
      "rootEmpty": true,
      "_timeout": 2000
    }
  ],
  "meta": {
    "mocha": {
      "version": "7.0.1"
    },
    "mochawesome": {
      "options": {
        "quiet": false,
        "reportFilename": "mochawesome",
        "saveHtml": true,
        "saveJson": true,
        "consoleReporter": "spec",
        "useInlineDiffs": false,
        "code": true
      },
      "version": "7.1.3"
    },
    "marge": {
      "options": null,
      "version": "6.2.0"
    }
  }
}